2023-05-22 23:18:31,918        DEBUG-10                   client                       Вызванная функция:  argv_parser параметры функции: () и {} Модуль, из которого вызвана функция: lient.py" Вызов из функции main
2023-05-22 23:18:31,949        INFO-20                   client                       Запущен клиент с ip-адресом127.0.0.1, порт:7772,с именем:User2
2023-05-22 23:18:32,369        DEBUG-10                   client                       Вызванная функция:  argv_parser параметры функции: () и {} Модуль, из которого вызвана функция: lient.py" Вызов из функции main
2023-05-22 23:18:32,378        INFO-20                   client                       Запущен клиент с ip-адресом127.0.0.1, порт:7772,с именем:User13
2023-05-22 23:18:32,456        DEBUG-10                   client                       Вызванная функция:  argv_parser параметры функции: () и {} Модуль, из которого вызвана функция: lient.py" Вызов из функции main
2023-05-22 23:18:32,464        INFO-20                   client                       Запущен клиент с ip-адресом127.0.0.1, порт:7772,с именем:User6
2023-05-22 23:18:34,277        DEBUG-10                   client                       Разбор приветственного сообщения от сервера: {'response': 200}
2023-05-22 23:18:34,278        INFO-20                   client                       Установлено соединение с сервером. Ответ от сервера 200 : OK
2023-05-22 23:18:34,283        DEBUG-10                   client                       Потоки запущены
2023-05-22 23:18:34,285        DEBUG-10                   client                       Вызванная функция:  main параметры функции: () и {} Модуль, из которого вызвана функция: lient.py" Вызов из функции <module>
2023-05-22 23:18:34,382        DEBUG-10                   client                       Разбор приветственного сообщения от сервера: {'response': 200}
2023-05-22 23:18:34,383        INFO-20                   client                       Установлено соединение с сервером. Ответ от сервера 200 : OK
2023-05-22 23:18:34,387        DEBUG-10                   client                       Потоки запущены
2023-05-22 23:18:34,391        DEBUG-10                   client                       Вызванная функция:  main параметры функции: () и {} Модуль, из которого вызвана функция: lient.py" Вызов из функции <module>
2023-05-22 23:18:34,823        DEBUG-10                   client                       Разбор приветственного сообщения от сервера: {'response': 200}
2023-05-22 23:18:34,825        INFO-20                   client                       Установлено соединение с сервером. Ответ от сервера 200 : OK
2023-05-22 23:18:34,831        DEBUG-10                   client                       Потоки запущены
2023-05-22 23:18:34,832        DEBUG-10                   client                       Вызванная функция:  main параметры функции: () и {} Модуль, из которого вызвана функция: lient.py" Вызов из функции <module>
2023-05-22 23:18:56,733        DEBUG-10                   client                       Создано сообщение {'action': 'message', 'time': 1684775936.733599, 'sender': 'User6', 'to': 'User2', 'mess_text': 'hay'}
2023-05-22 23:18:56,736        INFO-20                   client                       Отправлено сообщение(hay) пользователю:User2
2023-05-22 23:18:57,233        INFO-20                   client                       Получено сообщение от пользователя User6:
hay
2023-05-22 23:19:15,886        DEBUG-10                   client                       Создано сообщение {'action': 'message', 'time': 1684775955.8775454, 'sender': 'User2', 'to': 'User6', 'mess_text': 'hh'}
2023-05-22 23:19:15,887        INFO-20                   client                       Отправлено сообщение(hh) пользователю:User6
2023-05-22 23:19:17,391        INFO-20                   client                       Получено сообщение от пользователя User2:
hh
2023-05-22 23:21:51,477        DEBUG-10                   client                       Вызванная функция:  argv_parser параметры функции: () и {} Модуль, из которого вызвана функция: lient.py" Вызов из функции main
2023-05-22 23:21:51,484        INFO-20                   client                       Запущен клиент с ip-адресом127.0.0.1, порт:7772,с именем:User7
2023-05-22 23:21:51,548        DEBUG-10                   client                       Вызванная функция:  argv_parser параметры функции: () и {} Модуль, из которого вызвана функция: lient.py" Вызов из функции main
2023-05-22 23:21:51,551        INFO-20                   client                       Запущен клиент с ip-адресом127.0.0.1, порт:7772,с именем:User1
2023-05-22 23:21:52,719        DEBUG-10                   client                       Разбор приветственного сообщения от сервера: {'response': 200}
2023-05-22 23:21:52,725        INFO-20                   client                       Установлено соединение с сервером. Ответ от сервера 200 : OK
2023-05-22 23:21:52,801        DEBUG-10                   client                       Потоки запущены
2023-05-22 23:21:52,809        DEBUG-10                   client                       Вызванная функция:  main параметры функции: () и {} Модуль, из которого вызвана функция: lient.py" Вызов из функции <module>
2023-05-22 23:21:52,919        DEBUG-10                   client                       Разбор приветственного сообщения от сервера: {'response': 200}
2023-05-22 23:21:52,920        INFO-20                   client                       Установлено соединение с сервером. Ответ от сервера 200 : OK
2023-05-22 23:21:52,953        DEBUG-10                   client                       Потоки запущены
2023-05-22 23:21:52,959        DEBUG-10                   client                       Вызванная функция:  main параметры функции: () и {} Модуль, из которого вызвана функция: lient.py" Вызов из функции <module>
2023-05-22 23:22:19,654        DEBUG-10                   client                       Создано сообщение {'action': 'message', 'time': 1684776139.654159, 'sender': 'User1', 'to': 'User7', 'mess_text': 'gg'}
2023-05-22 23:22:19,655        INFO-20                   client                       Отправлено сообщение(gg) пользователю:User7
2023-05-22 23:22:19,708        INFO-20                   client                       Получено сообщение от пользователя User1:
gg
